<?xml version="1.0" encoding="UTF-8"?>
<testsuite xmlns:xsi="http://www.w3.org/2001/XMLSchema-instance" xsi:noNamespaceSchemaLocation="https://maven.apache.org/surefire/maven-surefire-plugin/xsd/surefire-test-report-3.0.xsd" version="3.0" name="UserServiceTest" time="1.03" tests="6" errors="0" skipped="0" failures="0">
  <properties>
[...]
</properties>
  <testcase name="saveUser" classname="UserServiceTest" time="0.626">
    <system-out><![CDATA[User with the name - Ivan has been added to the database
]]></system-out>
  </testcase>
  <testcase name="removeUserById" classname="UserServiceTest" time="0.098">
    <system-out><![CDATA[User with the name - Ivan has been added to the database
]]></system-out>
  </testcase>
  <testcase name="getAllUsers" classname="UserServiceTest" time="0.082">
    <system-out><![CDATA[User with the name - Ivan has been added to the database
]]></system-out>
  </testcase>
  <testcase name="dropUsersTable" classname="UserServiceTest" time="0.039"/>
  <testcase name="createUsersTable" classname="UserServiceTest" time="0.041"/>
  <testcase name="cleanUsersTable" classname="UserServiceTest" time="0.098">
    <system-out><![CDATA[User with the name - Ivan has been added to the database
]]></system-out>
  </testcase>
</testsuite>